<?xml version="1.0" encoding="UTF-8"?>
<testsuite xmlns:xsi="http://www.w3.org/2001/XMLSchema-instance" xsi:noNamespaceSchemaLocation="https://maven.apache.org/surefire/maven-surefire-plugin/xsd/surefire-test-report-3.0.xsd" version="3.0" name="de.hhn.mi.swlab.model.SimpleFileConverterTest" time="81.449" tests="2" errors="0" skipped="0" failures="0">
  <properties>
[...]
</properties>
  <testcase name="convertTxtAndBinToCtTest" classname="de.hhn.mi.swlab.model.SimpleFileConverterTest" time="0.163">
    <system-out><![CDATA[27-12-2023 16:00:54 INFO: de.hhn.mi.swlab.model.SimpleFileConverter.<init>: SimpleFileConverter was created
C:\Users\samue\group06\ctConverter\src\main\resources\dataViewer1.ct
C:\Users\samue\group06\ctConverter\src\test\resources\TxtFileTest
C:\Users\samue\group06\ctConverter\src\test\resources\BinFileTest.bin
]]></system-out>
  </testcase>
  <testcase name="convertCtToTxtAndBinTest" classname="de.hhn.mi.swlab.model.SimpleFileConverterTest" time="81.267">
    <system-out><![CDATA[27-12-2023 16:00:54 INFO: de.hhn.mi.swlab.model.SimpleFileConverter.<init>: SimpleFileConverter was created
C:\Users\samue\group06\ctConverter\src\main\resources\dataViewer1.ct
C:\Users\samue\group06\ctConverter\src\test\resources\TxtFileTest
C:\Users\samue\group06\ctConverter\src\test\resources\BinFileTest.bin
name	Michael Schöll
birth	29.06.1998
weight	103
height	204
IZ	100459ASM98
image	null
DATA
256
256
256
256
175
175
27-12-2023 16:00:54 INFO: de.hhn.mi.swlab.model.SimpleDataReader.getImageParameters: Image parameters were extracted from Text file
27-12-2023 16:00:54 INFO: de.hhn.mi.swlab.model.SimpleDataReader.readTxtFileContentFromCtFile: Text file contents were extracted from ct file
27-12-2023 16:01:01 INFO: de.hhn.mi.swlab.model.SimpleDataWriter.writeTxtFile: Text file was written
27-12-2023 16:01:20 INFO: de.hhn.mi.swlab.model.SimpleDataWriter.writeBinFile: Binary file was written
27-12-2023 16:01:20 INFO: de.hhn.mi.swlab.model.SimpleFileConverter.convertCtToTxtAndBin: Ct file was converted to a text and binary file
27-12-2023 16:01:35 INFO: de.hhn.mi.swlab.model.SimpleDataReader.readBinFile: Binary file was read
27-12-2023 16:02:15 INFO: de.hhn.mi.swlab.model.SimpleDataReader.readBinFile: Binary file was read
27-12-2023 16:02:15 INFO: de.hhn.mi.swlab.model.SimpleDataReader.readTxtFile: Text file was read
27-12-2023 16:02:15 INFO: de.hhn.mi.swlab.model.SimpleDataReader.readTxtFile: Text file was read
]]></system-out>
  </testcase>
</testsuite>